PCAD Importer Log
Project : PV36W204A01B00.LibPkg

Section : C:\Users\evrim\Desktop\muh tas kütüphane\PV36W204A01B00.lia
    Section : PCB Library - PV36W204A01B00.PcbLib
        Section : Load Messages
            Warning - 1 : Skipping Token PV36W204A01B00 On Line 134
            Warning - 1 : Skipping Token attachedSymbol On Line 200
        EndSection

        Section : Import Messages
        EndSection
    EndSection

    Section : SCH Library - PV36W204A01B00.SchLib
        Section : Parsing Messages
            Warning - 1 : Skipping Token padStyleDef On Line 9
            Warning - 1 : Skipping Token padStyleDef On Line 21
            Warning - 1 : Skipping Token multiLayer On Line 96
            Warning - 1 : Skipping Token layerContents On Line 101
            Warning - 1 : Skipping Token layerContents On Line 110
            Warning - 1 : Skipping Token layerContents On Line 119
            Warning - 1 : Skipping Token layerContents On Line 125
        EndSection

        Section : Generating SCH Library - PV36W204A01B00.SchLib
        EndSection
    EndSection
EndSection
